生成启动时间为 2017/11/29 20:35:50。
     1>项目“F:\VS2010_Project\camera_show_MFC\camera_show_MFC\camera_show_MFC.vcxproj”在节点 2 上(build 个目标)。
     1>InitializeBuildStatus:
         正在创建“Release\camera_show_MFC.unsuccessfulbuild”，因为已指定“AlwaysCreate”。
       ClCompile:
         所有输出均为最新。
         D:\Program Files (x86)\Microsoft Visual Studio 10.0\VC\bin\CL.exe /c /Zi /nologo /W3 /WX- /O2 /Oi /Oy- /GL /D WIN32 /D _WINDOWS /D NDEBUG /D _MBCS /Gm- /EHsc /MTd /GS /Gy /fp:precise /Zc:wchar_t /Zc:forScope /Yc"StdAfx.h" /Fp"Release\camera_show_MFC.pch" /Fo"Release\\" /Fd"Release\vc100.pdb" /Gd /TP /analyze- /errorReport:prompt stdafx.cpp
         stdafx.cpp
         D:\Program Files (x86)\Microsoft Visual Studio 10.0\VC\bin\CL.exe /c /Zi /nologo /W3 /WX- /O2 /Oi /Oy- /GL /D WIN32 /D _WINDOWS /D NDEBUG /D _MBCS /Gm- /EHsc /MTd /GS /Gy /fp:precise /Zc:wchar_t /Zc:forScope /Yu"StdAfx.h" /Fp"Release\camera_show_MFC.pch" /Fo"Release\\" /Fd"Release\vc100.pdb" /Gd /TP /analyze- /errorReport:prompt CalibDlg.cpp camera_show_MFC.cpp camera_show_MFCDlg.cpp CvvImage.cpp ShotDlg.cpp StereoCali.cpp
         CalibDlg.cpp
     1>CalibDlg.cpp(116): warning C4244: “参数”: 从“double”转换到“int”，可能丢失数据
     1>CalibDlg.cpp(116): warning C4244: “参数”: 从“double”转换到“int”，可能丢失数据
     1>CalibDlg.cpp(227): warning C4996: 'sprintf': This function or variable may be unsafe. Consider using sprintf_s instead. To disable deprecation, use _CRT_SECURE_NO_WARNINGS. See online help for details.
                 D:\Program Files (x86)\Microsoft Visual Studio 10.0\VC\include\stdio.h(371) : 参见“sprintf”的声明
     1>CalibDlg.cpp(370): warning C4996: 'sprintf': This function or variable may be unsafe. Consider using sprintf_s instead. To disable deprecation, use _CRT_SECURE_NO_WARNINGS. See online help for details.
                 D:\Program Files (x86)\Microsoft Visual Studio 10.0\VC\include\stdio.h(371) : 参见“sprintf”的声明
         camera_show_MFC.cpp
         camera_show_MFCDlg.cpp
         CvvImage.cpp
         ShotDlg.cpp
     1>ShotDlg.cpp(93): warning C4996: 'sprintf': This function or variable may be unsafe. Consider using sprintf_s instead. To disable deprecation, use _CRT_SECURE_NO_WARNINGS. See online help for details.
                 D:\Program Files (x86)\Microsoft Visual Studio 10.0\VC\include\stdio.h(371) : 参见“sprintf”的声明
         StereoCali.cpp
     1>StereoCali.cpp(110): warning C4244: “参数”: 从“double”转换到“int”，可能丢失数据
     1>StereoCali.cpp(110): warning C4244: “参数”: 从“double”转换到“int”，可能丢失数据
     1>StereoCali.cpp(299): warning C4996: 'sprintf': This function or variable may be unsafe. Consider using sprintf_s instead. To disable deprecation, use _CRT_SECURE_NO_WARNINGS. See online help for details.
                 D:\Program Files (x86)\Microsoft Visual Studio 10.0\VC\include\stdio.h(371) : 参见“sprintf”的声明
       ResourceCompile:
         所有输出均为最新。
       Link:
         D:\Program Files (x86)\Microsoft Visual Studio 10.0\VC\bin\link.exe /ERRORREPORT:PROMPT /OUT:"F:\VS2010_Project\camera_show_MFC\Release\camera_show_MFC.exe" /INCREMENTAL:NO /NOLOGO opencv_calib3d2411.lib opencv_contrib2411.lib opencv_core2411.lib opencv_features2d2411.lib opencv_flann2411.lib opencv_gpu2411.lib opencv_highgui2411.lib opencv_imgproc2411.lib opencv_legacy2411.lib opencv_ml2411.lib opencv_nonfree2411.lib opencv_objdetect2411.lib opencv_ocl2411.lib opencv_photo2411.lib opencv_stitching2411.lib opencv_superres2411.lib opencv_ts2411.lib opencv_video2411.lib opencv_videostab2411.lib /MANIFEST /ManifestFile:"Release\camera_show_MFC.exe.intermediate.manifest" /MANIFESTUAC:"level='asInvoker' uiAccess='false'" /DEBUG /PDB:"F:\VS2010_Project\camera_show_MFC\Release\camera_show_MFC.pdb" /SUBSYSTEM:WINDOWS /OPT:REF /OPT:ICF /LTCG /TLBID:1 /DYNAMICBASE /NXCOMPAT /IMPLIB:"F:\VS2010_Project\camera_show_MFC\Release\camera_show_MFC.lib" /MACHINE:X86 Release\camera_show_MFC.res
         Release\CalibDlg.obj
         Release\camera_show_MFC.obj
         Release\camera_show_MFCDlg.obj
         Release\CvvImage.obj
         Release\ShotDlg.obj
         Release\stdafx.obj
         Release\StereoCali.obj
         正在生成代码
         已完成代码的生成
         camera_show_MFC.vcxproj -> F:\VS2010_Project\camera_show_MFC\Release\camera_show_MFC.exe
       Manifest:
         C:\Program Files (x86)\Microsoft SDKs\Windows\v7.0A\bin\mt.exe /nologo /verbose /outputresource:"F:\VS2010_Project\camera_show_MFC\Release\camera_show_MFC.exe;#1" /manifest Release\camera_show_MFC.exe.intermediate.manifest "D:\Program Files (x86)\Microsoft Visual Studio 10.0\VC\Include\Manifest\dpiaware.manifest"
       FinalizeBuildStatus:
         正在删除文件“Release\camera_show_MFC.unsuccessfulbuild”。
         正在对“Release\camera_show_MFC.lastbuildstate”执行 Touch 任务。
     1>已完成生成项目“F:\VS2010_Project\camera_show_MFC\camera_show_MFC\camera_show_MFC.vcxproj”(build 个目标)的操作。

生成成功。

已用时间 00:00:19.05
